<?xml version="1.0" encoding="UTF-8"?>
<!-- Generated by org.testng.reporters.JUnitReportReporter -->
<testsuite hostname="DESKTOP-60T9RMS" failures="0" tests="3" name="tests.login_page.LoginPageWhenLoggedOutTest" time="0.254" errors="0" timestamp="2023-02-06T16:11:16 CET" skipped="0">
  <testcase classname="tests.login_page.LoginPageWhenLoggedOutTest" name="logoutButtonNotDisplayed" time="0.185"/>
  <system-out/>
  <testcase classname="tests.login_page.LoginPageWhenLoggedOutTest" name="loggedInUserNameNotShown" time="0.035"/>
  <system-out/>
  <testcase classname="tests.login_page.LoginPageWhenLoggedOutTest" name="profileButtonNotDisplayed" time="0.034"/>
  <system-out/>
</testsuite> <!-- tests.login_page.LoginPageWhenLoggedOutTest -->
