<?xml version="1.0" encoding="UTF-8"?>
<!-- Generated by org.testng.reporters.JUnitReportReporter -->
<testsuite hostname="DESKTOP-60T9RMS" failures="0" tests="11" name="tests.profile_page.ProfilePageWhenLoggedOutTest" time="27.153" errors="0" timestamp="2023-02-06T21:07:49 CET" skipped="0">
  <testcase classname="tests.profile_page.ProfilePageWhenLoggedOutTest" name="deleteAllBooksButtonNotDisplayed" time="2.424"/>
  <system-out/>
  <testcase classname="tests.profile_page.ProfilePageWhenLoggedOutTest" name="goToLoginPageTest" time="4.007"/>
  <system-out/>
  <testcase classname="tests.profile_page.ProfilePageWhenLoggedOutTest" name="goToBookstoreButtonNotDisplayed" time="1.421"/>
  <system-out/>
  <testcase classname="tests.profile_page.ProfilePageWhenLoggedOutTest" name="nextButtonNotDisplayed" time="2.776"/>
  <system-out/>
  <testcase classname="tests.profile_page.ProfilePageWhenLoggedOutTest" name="goToRegistrationPage" time="3.666"/>
  <system-out/>
  <testcase classname="tests.profile_page.ProfilePageWhenLoggedOutTest" name="loggedInUserNameNotDisplayed" time="3.220"/>
  <system-out/>
  <testcase classname="tests.profile_page.ProfilePageWhenLoggedOutTest" name="settingBooksPerPageNotDisplayed" time="1.045"/>
  <system-out/>
  <testcase classname="tests.profile_page.ProfilePageWhenLoggedOutTest" name="searchBoxNotDisplayed" time="1.304"/>
  <system-out/>
  <testcase classname="tests.profile_page.ProfilePageWhenLoggedOutTest" name="logoutButtonNotDisplayed" time="4.649"/>
  <system-out/>
  <testcase classname="tests.profile_page.ProfilePageWhenLoggedOutTest" name="deleteAccountButtonNotDisplayed" time="1.552"/>
  <system-out/>
  <testcase classname="tests.profile_page.ProfilePageWhenLoggedOutTest" name="previousButtonNotDisplayed" time="1.089"/>
  <system-out/>
</testsuite> <!-- tests.profile_page.ProfilePageWhenLoggedOutTest -->
