<?xml version="1.0" encoding="UTF-8"?>
<!-- Generated by org.testng.reporters.JUnitReportReporter -->
<testsuite hostname="DESKTOP-60T9RMS" failures="0" tests="6" name="tests.login_page.LoginPageWhenLoggedInTest" time="34.809" errors="0" timestamp="2023-02-06T21:07:49 CET" skipped="0">
  <testcase classname="tests.login_page.LoginPageWhenLoggedInTest" name="logInButtonNotDisplayed" time="2.099"/>
  <system-out/>
  <testcase classname="tests.login_page.LoginPageWhenLoggedInTest" name="usernameFieldNotDisplayed" time="6.021"/>
  <system-out/>
  <testcase classname="tests.login_page.LoginPageWhenLoggedInTest" name="passwordFieldNotDisplayed" time="4.111"/>
  <system-out/>
  <testcase classname="tests.login_page.LoginPageWhenLoggedInTest" name="logout" time="5.985"/>
  <system-out/>
  <testcase classname="tests.login_page.LoginPageWhenLoggedInTest" name="goToProfilePage" time="12.936"/>
  <system-out/>
  <testcase classname="tests.login_page.LoginPageWhenLoggedInTest" name="newUserButtonNotDisplayed" time="3.657"/>
  <system-out/>
</testsuite> <!-- tests.login_page.LoginPageWhenLoggedInTest -->
