<?xml version="1.0" encoding="UTF-8"?>
<!-- Generated by org.testng.reporters.JUnitReportReporter -->
<testsuite hostname="DESKTOP-60T9RMS" failures="0" tests="5" name="tests.profile_page.ProfilePageWhenLoggedInTest" time="27.048" errors="0" timestamp="2023-02-06T21:07:48 CET" skipped="0">
  <testcase classname="tests.profile_page.ProfilePageWhenLoggedInTest" name="registerButtonNotDisplayed" time="4.525"/>
  <system-out/>
  <testcase classname="tests.profile_page.ProfilePageWhenLoggedInTest" name="goToBookstorePage" time="5.376"/>
  <system-out/>
  <testcase classname="tests.profile_page.ProfilePageWhenLoggedInTest" name="logout" time="8.373"/>
  <system-out/>
  <testcase classname="tests.profile_page.ProfilePageWhenLoggedInTest" name="loginButtonNotDisplayed" time="3.227"/>
  <system-out/>
  <testcase classname="tests.profile_page.ProfilePageWhenLoggedInTest" name="newUserShouldHaveZeroBooks" time="5.547"/>
  <system-out/>
</testsuite> <!-- tests.profile_page.ProfilePageWhenLoggedInTest -->
