<?xml version="1.0" encoding="UTF-8"?>
<!-- Generated by org.testng.reporters.JUnitReportReporter -->
<testsuite hostname="DESKTOP-60T9RMS" failures="0" tests="4" name="tests.login_page.LoginPageWhenLoggedInTest" time="0.254" errors="0" timestamp="2023-02-06T16:11:16 CET" skipped="0">
  <testcase classname="tests.login_page.LoginPageWhenLoggedInTest" name="usernameFieldNotDisplayed" time="0.159"/>
  <system-out/>
  <testcase classname="tests.login_page.LoginPageWhenLoggedInTest" name="newUserButtonNotDisplayed" time="0.046"/>
  <system-out/>
  <testcase classname="tests.login_page.LoginPageWhenLoggedInTest" name="passwordFieldNotDisplayed" time="0.020"/>
  <system-out/>
  <testcase classname="tests.login_page.LoginPageWhenLoggedInTest" name="logInButtonNotDisplayed" time="0.029"/>
  <system-out/>
</testsuite> <!-- tests.login_page.LoginPageWhenLoggedInTest -->
